<?xml version="1.0" encoding="UTF-8"?>
<!-- Generated by org.testng.reporters.JUnitReportReporter -->
<testsuite hostname="-.local" failures="0" tests="5" name="andoorathodi.MavenFeb2024.ExcelSample" time="0.016" errors="0" timestamp="2024-03-05T18:54:13 IST" skipped="0">
  <testcase classname="andoorathodi.MavenFeb2024.ExcelSample" name="sample" time="0.011"/>
  <testcase classname="andoorathodi.MavenFeb2024.ExcelSample" name="test" time="0.002"/>
  <testcase classname="andoorathodi.MavenFeb2024.ExcelSample" name="test" time="0.002"/>
  <testcase classname="andoorathodi.MavenFeb2024.ExcelSample" name="test" time="0.001"/>
  <testcase classname="andoorathodi.MavenFeb2024.ExcelSample" name="test" time="0.000"/>
</testsuite> <!-- andoorathodi.MavenFeb2024.ExcelSample -->
