<?xml version="1.0" encoding="UTF-8"?>
<!-- Generated by org.testng.reporters.JUnitReportReporter -->
<testsuite hostname="-.local" failures="0" tests="1" name="andoorathodi.MavenFeb2024.Ecommerce" time="33.142" errors="0" timestamp="2024-02-29T22:26:55 IST" skipped="0">
  <testcase classname="andoorathodi.MavenFeb2024.Ecommerce" name="placeOrder" time="33.142"/>
</testsuite> <!-- andoorathodi.MavenFeb2024.Ecommerce -->
